<?xml version="1.0" encoding="UTF-8"?>
<testng-results ignored="0" total="1" passed="1" failed="0" skipped="0">
  <reporter-output>
  </reporter-output>
  <suite started-at="2026-06-05T10:21:52 IST" name="Default suite" finished-at="2026-06-05T10:21:52 IST" duration-ms="137">
    <groups>
    </groups>
    <test started-at="2026-06-05T10:21:52 IST" name="Default test" finished-at="2026-06-05T10:21:52 IST" duration-ms="137">
      <class name="Testing_package.Test1">
        <test-method is-config="true" signature="beforeTest()[pri:0, instance:Testing_package.Test1@3fc2959f]" started-at="2026-06-05T10:21:52 IST" name="beforeTest" finished-at="2026-06-05T10:21:52 IST" duration-ms="18" status="PASS">
          <reporter-output>
          </reporter-output>
        </test-method> <!-- beforeTest -->
        <test-method signature="f()[pri:0, instance:Testing_package.Test1@3fc2959f]" started-at="2026-06-05T10:21:52 IST" name="f" finished-at="2026-06-05T10:21:52 IST" duration-ms="18" status="PASS">
          <reporter-output>
          </reporter-output>
        </test-method> <!-- f -->
        <test-method is-config="true" signature="afterTest()[pri:0, instance:Testing_package.Test1@3fc2959f]" started-at="2026-06-05T10:21:52 IST" name="afterTest" finished-at="2026-06-05T10:21:52 IST" duration-ms="2" status="PASS">
          <reporter-output>
          </reporter-output>
        </test-method> <!-- afterTest -->
      </class> <!-- Testing_package.Test1 -->
    </test> <!-- Default test -->
  </suite> <!-- Default suite -->
</testng-results>
